#
# There is insufficient memory for the Java Runtime Environment to continue.
# Native memory allocation (mmap) failed to map 262144 bytes for object start array expansion
# Possible reasons:
#   The system is out of physical RAM or swap space
#   In 32 bit mode, the process size limit was hit
# Possible solutions:
#   Reduce memory load on the system
#   Increase physical memory or swap space
#   Check if swap backing store is full
#   Use 64 bit Java on a 64 bit OS
#   Decrease Java heap size (-Xmx/-Xms)
#   Decrease number of Java threads
#   Decrease Java thread stack sizes (-Xss)
#   Set larger code cache with -XX:ReservedCodeCacheSize=
# This output file may be truncated or incomplete.
#
#  Out of Memory Error (objectStartArray.cpp:102), pid=5976, tid=8724
#
# JRE version:  (8.0_05-b13) (build )
# Java VM: Java HotSpot(TM) 64-Bit Server VM (25.5-b02 mixed mode windows-amd64 compressed oops)
# Failed to write core dump. Minidumps are not enabled by default on client versions of Windows
#

---------------  T H R E A D  ---------------

Current thread (0x0000000001dc2800):  JavaThread "Unknown thread" [_thread_in_vm, id=8724, stack(0x0000000001c60000,0x0000000001d60000)]

Stack: [0x0000000001c60000,0x0000000001d60000]
Native frames: (J=compiled Java code, j=interpreted, Vv=VM code, C=native code)
V  [jvm.dll+0x308dea]
V  [jvm.dll+0x25def1]
V  [jvm.dll+0x25eb0f]
V  [jvm.dll+0x2564e5]
V  [jvm.dll+0x3c292e]
V  [jvm.dll+0x3cafdc]
V  [jvm.dll+0x3cadd8]
V  [jvm.dll+0x3bf0f1]
V  [jvm.dll+0x3c364d]
V  [jvm.dll+0xe06bf]
V  [jvm.dll+0xe1026]
V  [jvm.dll+0x1f13a7]
V  [jvm.dll+0x2227c4]
V  [jvm.dll+0x149f71]
C  [javaw.exe+0x208a]
C  [javaw.exe+0xc9db]
C  [javaw.exe+0xca6f]
C  [KERNEL32.DLL+0x16ad]
C  [ntdll.dll+0x734a5]


---------------  P R O C E S S  ---------------

Java Threads: ( => current thread )

Other Threads:

=>0x0000000001dc2800 (exited) JavaThread "Unknown thread" [_thread_in_vm, id=8724, stack(0x0000000001c60000,0x0000000001d60000)]

VM state:not at safepoint (not fully initialized)

VM Mutex/Monitor currently owned by a thread: None

GC Heap History (0 events):
No events

Deoptimization events (0 events):
No events

Internal exceptions (0 events):
No events

Events (0 events):
No events


Dynamic libraries:
0x00007ff6639d0000 - 0x00007ff663a04000 	C:\Program Files\Java\jre8\bin\javaw.exe
0x00007ff8478a0000 - 0x00007ff847a4a000 	C:\WINDOWS\SYSTEM32\ntdll.dll
0x00007ff845c90000 - 0x00007ff845dca000 	C:\WINDOWS\system32\KERNEL32.DLL
0x00007ff844d30000 - 0x00007ff844e3f000 	C:\WINDOWS\system32\KERNELBASE.dll
0x00007ff843820000 - 0x00007ff8438a8000 	C:\WINDOWS\system32\apphelp.dll
0x00007ff840d60000 - 0x00007ff840daf000 	C:\WINDOWS\AppPatch\AppPatch64\AcGenral.DLL
0x00007ff8455b0000 - 0x00007ff845657000 	C:\WINDOWS\system32\msvcrt.dll
0x00007ff844a50000 - 0x00007ff844a7b000 	C:\WINDOWS\SYSTEM32\SspiCli.dll
0x00007ff8476c0000 - 0x00007ff847711000 	C:\WINDOWS\system32\SHLWAPI.dll
0x00007ff847720000 - 0x00007ff847891000 	C:\WINDOWS\system32\USER32.dll
0x00007ff845660000 - 0x00007ff8457d8000 	C:\WINDOWS\system32\ole32.dll
0x00007ff8462a0000 - 0x00007ff8476c0000 	C:\WINDOWS\system32\SHELL32.dll
0x00007ff8444e0000 - 0x00007ff8444fe000 	C:\WINDOWS\SYSTEM32\USERENV.dll
0x00007ff846030000 - 0x00007ff8460d5000 	C:\WINDOWS\system32\ADVAPI32.dll
0x00007ff833cc0000 - 0x00007ff833cdb000 	C:\WINDOWS\SYSTEM32\MPR.dll
0x00007ff845e30000 - 0x00007ff845f67000 	C:\WINDOWS\system32\RPCRT4.dll
0x00007ff8460f0000 - 0x00007ff846147000 	C:\WINDOWS\SYSTEM32\sechost.dll
0x00007ff845ab0000 - 0x00007ff845c86000 	C:\WINDOWS\SYSTEM32\combase.dll
0x00007ff845120000 - 0x00007ff845264000 	C:\WINDOWS\system32\GDI32.dll
0x00007ff844c10000 - 0x00007ff844c24000 	C:\WINDOWS\SYSTEM32\profapi.dll
0x00007ff843780000 - 0x00007ff84381f000 	C:\WINDOWS\SYSTEM32\SHCORE.dll
0x00007ff8453d0000 - 0x00007ff845404000 	C:\WINDOWS\system32\IMM32.DLL
0x00007ff845270000 - 0x00007ff8453a9000 	C:\WINDOWS\system32\MSCTF.dll
0x00007ff8424e0000 - 0x00007ff84273a000 	C:\WINDOWS\WinSxS\amd64_microsoft.windows.common-controls_6595b64144ccf1df_6.0.9600.17031_none_6242a4b3ecbb55a1\COMCTL32.dll
0x000000005cc60000 - 0x000000005cd32000 	C:\Program Files\Java\jre8\bin\msvcr100.dll
0x000000005c430000 - 0x000000005cc5a000 	C:\Program Files\Java\jre8\bin\server\jvm.dll
0x00007ff835560000 - 0x00007ff835569000 	C:\WINDOWS\SYSTEM32\WSOCK32.dll
0x00007ff842420000 - 0x00007ff84243f000 	C:\WINDOWS\SYSTEM32\WINMM.dll
0x00007ff8460e0000 - 0x00007ff8460e7000 	C:\WINDOWS\system32\PSAPI.DLL
0x00007ff8459f0000 - 0x00007ff845a48000 	C:\WINDOWS\system32\WS2_32.dll
0x00007ff842380000 - 0x00007ff8423aa000 	C:\WINDOWS\SYSTEM32\WINMMBASE.dll
0x00007ff8457f0000 - 0x00007ff8457f9000 	C:\WINDOWS\system32\NSI.dll
0x00007ff844ce0000 - 0x00007ff844d2a000 	C:\WINDOWS\SYSTEM32\cfgmgr32.dll
0x00007ff843a90000 - 0x00007ff843ab6000 	C:\WINDOWS\SYSTEM32\DEVOBJ.dll
0x000000005ce70000 - 0x000000005ce7f000 	C:\Program Files\Java\jre8\bin\verify.dll
0x000000005ce40000 - 0x000000005ce68000 	C:\Program Files\Java\jre8\bin\java.dll
0x000000005ce20000 - 0x000000005ce36000 	C:\Program Files\Java\jre8\bin\zip.dll
0x00007ff83f5b0000 - 0x00007ff83f738000 	C:\WINDOWS\SYSTEM32\dbghelp.dll

VM Arguments:
jvm_args: -Dfile.encoding=Cp1250 
java_command: transport.Main
java_class_path (initial): C:\Users\szczyga\SkyDrive\workspacej\Transport\bin;C:\Users\szczyga\SkyDrive\workspacej\Transport\lib\mysql-connector-java-5.1.32-bin.jar
Launcher Type: SUN_STANDARD

Environment Variables:
JAVA_HOME=C:\Program Files\Java\jdk1.7.0_51
PATH=C:/Program Files/Java/jre1.8.0_20/bin/server;C:/Program Files/Java/jre1.8.0_20/bin;C:/Program Files/Java/jre1.8.0_20/lib/amd64;C:\ProgramData\Oracle\Java\javapath;D:\orc11\product\11.2.0\dbhome_1\bin;D:\app\szczyga\product\11.2.0\client_1\bin;C:\Program Files (x86)\Intel\iCLS Client\;C:\Program Files\Intel\iCLS Client\;C:\Program Files (x86)\NVIDIA Corporation\PhysX\Common;C:\WINDOWS\system32;C:\WINDOWS;C:\WINDOWS\System32\Wbem;C:\WINDOWS\System32\WindowsPowerShell\v1.0\;C:\Program Files (x86)\Windows Live\Shared;C:\Program Files (x86)\Intel\OpenCL SDK\2.0\bin\x86;C:\Program Files (x86)\Intel\OpenCL SDK\2.0\bin\x64;C:\Program Files\Intel\Intel(R) Management Engine Components\DAL;C:\Program Files\Intel\Intel(R) Management Engine Components\IPT;C:\Program Files (x86)\Intel\Intel(R) Management Engine Components\DAL;C:\Program Files (x86)\Intel\Intel(R) Management Engine Components\IPT;C:\Program Files\Intel\WiFi\bin\;C:\Program Files\Common Files\Intel\WirelessCommon\;C:\Program Files (x86)\Microsoft SQL Server\110\Tools\Binn\ManagementStudio\;C:\Program Files (x86)\Microsoft SQL Server\110\Tools\Binn\;C:\Program Files\Microsoft SQL Server\110\Tools\Binn\;C:\Program Files (x86)\Microsoft SQL Server\110\DTS\Binn\;C:\Program Files (x86)\Microsoft SQL Server\100\Tools\Binn\;C:\Program Files\Microsoft SQL Server\100\Tools\Binn\;C:\Program Files\Microsoft SQL Server\100\DTS\Binn\;D:\java\eclipse;
USERNAME=szczyga
OS=Windows_NT
PROCESSOR_IDENTIFIER=Intel64 Family 6 Model 58 Stepping 9, GenuineIntel



---------------  S Y S T E M  ---------------

OS: Windows 8.1 , 64 bit Build 9600 

CPU:total 4 (2 cores per cpu, 2 threads per core) family 6 model 58 stepping 9, cmov, cx8, fxsr, mmx, sse, sse2, sse3, ssse3, sse4.1, sse4.2, popcnt, avx, aes, clmul, erms, ht, tsc, tscinvbit

Memory: 4k page, physical 8271404k(4030112k free), swap 11417132k(5244k free)

vm_info: Java HotSpot(TM) 64-Bit Server VM (25.5-b02) for windows-amd64 JRE (1.8.0_05-b13), built on Mar 18 2014 01:08:39 by "java_re" with MS VC++ 10.0 (VS2010)

time: Thu Sep 11 12:59:09 2014
elapsed time: 0 seconds

